<?xml version="1.0" encoding="UTF-8"?>
<!-- Generated by org.testng.reporters.JUnitReportReporter -->
<testsuite hostname="DESKTOP-2ODO8DJ" failures="0" tests="10" name="com.EIDSA.testCases.Sanity.TC_010_studyProfile_Positive" time="207.730" errors="0" timestamp="2024-01-11T12:36:03 IST" skipped="0">
  <testcase classname="com.EIDSA.testCases.Sanity.TC_010_studyProfile_Positive" name="editStudy" time="15.195"/>
  <testcase classname="com.EIDSA.testCases.Sanity.TC_010_studyProfile_Positive" name="createVisit" time="15.730"/>
  <testcase classname="com.EIDSA.testCases.Sanity.TC_010_studyProfile_Positive" name="createSite" time="8.895"/>
  <testcase classname="com.EIDSA.testCases.Sanity.TC_010_studyProfile_Positive" name="createSubject" time="15.856"/>
  <testcase classname="com.EIDSA.testCases.Sanity.TC_010_studyProfile_Positive" name="assignTemplate" time="12.271"/>
  <testcase classname="com.EIDSA.testCases.Sanity.TC_010_studyProfile_Positive" name="editTemplate" time="13.656"/>
  <testcase classname="com.EIDSA.testCases.Sanity.TC_010_studyProfile_Positive" name="deleteTemplate" time="9.247"/>
  <testcase classname="com.EIDSA.testCases.Sanity.TC_010_studyProfile_Positive" name="createTemplate" time="53.816"/>
  <testcase classname="com.EIDSA.testCases.Sanity.TC_010_studyProfile_Positive" name="createNewVersion" time="44.769"/>
  <testcase classname="com.EIDSA.testCases.Sanity.TC_010_studyProfile_Positive" name="retireForm" time="18.295"/>
</testsuite> <!-- com.EIDSA.testCases.Sanity.TC_010_studyProfile_Positive -->
