<?xml version="1.0" encoding="UTF-8"?>
<!-- Generated by org.testng.reporters.JUnitReportReporter -->
<testsuite hostname="DESKTOP-2ODO8DJ" failures="0" tests="2" name="com.EIDSA.testCases.Sanity.TC_003_ForgotPasswordOrUsername_Positive" time="44.622" errors="0" timestamp="2024-01-12T00:55:59 IST" skipped="0">
  <testcase classname="com.EIDSA.testCases.Sanity.TC_003_ForgotPasswordOrUsername_Positive" name="forgotPassword" time="18.864"/>
  <testcase classname="com.EIDSA.testCases.Sanity.TC_003_ForgotPasswordOrUsername_Positive" name="forgotUsername" time="25.758"/>
</testsuite> <!-- com.EIDSA.testCases.Sanity.TC_003_ForgotPasswordOrUsername_Positive -->
