<?xml version="1.0" encoding="UTF-8"?>
<!-- Generated by org.testng.reporters.JUnitReportReporter -->
<testsuite hostname="DESKTOP-2ODO8DJ" failures="0" tests="1" name="com.EIDSA.testCases.Sanity.TC_009_UnscheduledVisit_Positive" time="62.292" errors="0" timestamp="2024-01-12T00:55:59 IST" skipped="0">
  <testcase classname="com.EIDSA.testCases.Sanity.TC_009_UnscheduledVisit_Positive" name="unsheduledVisitCreation" time="62.292"/>
</testsuite> <!-- com.EIDSA.testCases.Sanity.TC_009_UnscheduledVisit_Positive -->
