<?xml version="1.0" encoding="UTF-8"?>
<!-- Generated by org.testng.reporters.JUnitReportReporter -->
<testsuite hostname="DESKTOP-2ODO8DJ" failures="0" tests="1" name="com.EIDSA.testCases.Sanity.TC_001_loginTest_Positive" time="27.925" errors="0" timestamp="2024-01-10T13:04:17 IST" skipped="0">
  <testcase classname="com.EIDSA.testCases.Sanity.TC_001_loginTest_Positive" name="LoginTest" time="27.925"/>
</testsuite> <!-- com.EIDSA.testCases.Sanity.TC_001_loginTest_Positive -->
