<?xml version="1.0" encoding="UTF-8"?>
<!-- Generated by org.testng.reporters.JUnitReportReporter -->
<testsuite hostname="DESKTOP-2ODO8DJ" failures="0" tests="2" name="com.EIDSA.testCases.Sanity.TC_002_LoginTest_Negative" time="56.109" errors="0" timestamp="2024-01-12T00:55:59 IST" skipped="0">
  <testcase classname="com.EIDSA.testCases.Sanity.TC_002_LoginTest_Negative" name="loginWithInvalidEmailAndPassword" time="30.854"/>
  <testcase classname="com.EIDSA.testCases.Sanity.TC_002_LoginTest_Negative" name="loginWithInvalidUsername" time="25.255"/>
</testsuite> <!-- com.EIDSA.testCases.Sanity.TC_002_LoginTest_Negative -->
