<?xml version="1.0" encoding="UTF-8"?>
<!-- Generated by org.testng.reporters.JUnitReportReporter -->
<testsuite hostname="DESKTOP-2ODO8DJ" failures="0" tests="9" name="com.EIDSA.testCases.Sanity.TC_004_studyProfile_Positive" time="252.614" errors="0" timestamp="2024-01-11T20:00:12 IST" skipped="0">
  <testcase classname="com.EIDSA.testCases.Sanity.TC_004_studyProfile_Positive" name="createStudy" time="20.319"/>
  <testcase classname="com.EIDSA.testCases.Sanity.TC_004_studyProfile_Positive" name="createTemplate" time="107.145"/>
  <testcase classname="com.EIDSA.testCases.Sanity.TC_004_studyProfile_Positive" name="createNewVersion" time="42.975"/>
  <testcase classname="com.EIDSA.testCases.Sanity.TC_004_studyProfile_Positive" name="createVisit" time="18.373"/>
  <testcase classname="com.EIDSA.testCases.Sanity.TC_004_studyProfile_Positive" name="assignTemplate" time="11.131"/>
  <testcase classname="com.EIDSA.testCases.Sanity.TC_004_studyProfile_Positive" name="editVisit" time="11.626"/>
  <testcase classname="com.EIDSA.testCases.Sanity.TC_004_studyProfile_Positive" name="createSite" time="9.023"/>
  <testcase classname="com.EIDSA.testCases.Sanity.TC_004_studyProfile_Positive" name="createSubject" time="15.952"/>
  <testcase classname="com.EIDSA.testCases.Sanity.TC_004_studyProfile_Positive" name="retireForm" time="16.070"/>
</testsuite> <!-- com.EIDSA.testCases.Sanity.TC_004_studyProfile_Positive -->
