<?xml version="1.0" encoding="UTF-8"?>
<!-- Generated by org.testng.reporters.JUnitReportReporter -->
<testsuite hostname="DESKTOP-2ODO8DJ" failures="0" tests="4" name="com.EIDSA.testCases.TC_025_VisitTemplate_Positive" time="43.790" errors="0" timestamp="2023-12-04T16:04:38 IST" skipped="0">
  <testcase classname="com.EIDSA.testCases.TC_025_VisitTemplate_Positive" name="siteCodeSearchFunctionality" time="20.992"/>
  <testcase classname="com.EIDSA.testCases.TC_025_VisitTemplate_Positive" name="VisitNameSearchFunctionality" time="6.700"/>
  <testcase classname="com.EIDSA.testCases.TC_025_VisitTemplate_Positive" name="VisitNoSearchFunctionality" time="6.764"/>
  <testcase classname="com.EIDSA.testCases.TC_025_VisitTemplate_Positive" name="templateEdit" time="9.334"/>
</testsuite> <!-- com.EIDSA.testCases.TC_025_VisitTemplate_Positive -->
