<?xml version="1.0" encoding="UTF-8"?>
<!-- Generated by org.testng.reporters.JUnitReportReporter -->
<testsuite hostname="DESKTOP-2ODO8DJ" failures="0" tests="2" name="com.EIDSA.testCases.Sanity.TC_006_Roles_Positive" time="35.055" errors="0" timestamp="2024-01-12T00:55:59 IST" skipped="0">
  <testcase classname="com.EIDSA.testCases.Sanity.TC_006_Roles_Positive" name="roleCreation" time="23.028"/>
  <testcase classname="com.EIDSA.testCases.Sanity.TC_006_Roles_Positive" name="roleDelete" time="12.027"/>
</testsuite> <!-- com.EIDSA.testCases.Sanity.TC_006_Roles_Positive -->
