<?xml version="1.0" encoding="UTF-8"?>
<!-- Generated by org.testng.reporters.JUnitReportReporter -->
<testsuite hostname="DESKTOP-2ODO8DJ" failures="0" tests="1" name="com.EIDSA.testCases.Sanity.TC_007_SitePrivilege_Positive" time="20.311" errors="0" timestamp="2024-01-10T14:58:52 IST" skipped="0">
  <testcase classname="com.EIDSA.testCases.Sanity.TC_007_SitePrivilege_Positive" name="SitePrivilege" time="20.311"/>
</testsuite> <!-- com.EIDSA.testCases.Sanity.TC_007_SitePrivilege_Positive -->
