<?xml version="1.0" encoding="UTF-8"?>
<!-- Generated by org.testng.reporters.JUnitReportReporter -->
<testsuite hostname="DESKTOP-2ODO8DJ" failures="0" tests="3" name="com.EIDSA.testCases.Sanity.TC_004_Users_Positive" time="60.529" errors="0" timestamp="2024-01-10T14:20:50 IST" skipped="0">
  <testcase classname="com.EIDSA.testCases.Sanity.TC_004_Users_Positive" name="userCreation" time="33.835"/>
  <testcase classname="com.EIDSA.testCases.Sanity.TC_004_Users_Positive" name="userPrivilege" time="17.815"/>
  <testcase classname="com.EIDSA.testCases.Sanity.TC_004_Users_Positive" name="userDelete" time="8.879"/>
</testsuite> <!-- com.EIDSA.testCases.Sanity.TC_004_Users_Positive -->
