<?xml version="1.0" encoding="UTF-8"?>
<!-- Generated by org.testng.reporters.JUnitReportReporter -->
<testsuite hostname="DESKTOP-2ODO8DJ" failures="0" tests="1" name="com.EIDSA.testCases.TC_026_VisitTemplate_Negative" time="42.005" errors="0" timestamp="2023-12-04T16:07:26 IST" skipped="0">
  <testcase classname="com.EIDSA.testCases.TC_026_VisitTemplate_Negative" name="templateEdit" time="42.005"/>
</testsuite> <!-- com.EIDSA.testCases.TC_026_VisitTemplate_Negative -->
