<?xml version="1.0" encoding="UTF-8"?>
<!-- Generated by org.testng.reporters.JUnitReportReporter -->
<testsuite hostname="DESKTOP-2ODO8DJ" failures="0" tests="5" name="com.EIDSA.testCases.Sanity.TC_011_site_Positive" time="54.526" errors="0" timestamp="2024-01-11T14:43:01 IST" skipped="0">
  <testcase classname="com.EIDSA.testCases.Sanity.TC_011_site_Positive" name="siteCreation" time="20.685"/>
  <testcase classname="com.EIDSA.testCases.Sanity.TC_011_site_Positive" name="siteActionOpen" time="13.086"/>
  <testcase classname="com.EIDSA.testCases.Sanity.TC_011_site_Positive" name="siteActionComplete" time="6.724"/>
  <testcase classname="com.EIDSA.testCases.Sanity.TC_011_site_Positive" name="siteActionTerminate" time="9.630"/>
  <testcase classname="com.EIDSA.testCases.Sanity.TC_011_site_Positive" name="siteDelete" time="4.401"/>
</testsuite> <!-- com.EIDSA.testCases.Sanity.TC_011_site_Positive -->
