<?xml version="1.0" encoding="UTF-8"?>
<!-- Generated by org.testng.reporters.JUnitReportReporter -->
<testsuite hostname="DESKTOP-2ODO8DJ" failures="0" tests="3" name="com.EIDSA.testCases.Sanity.TC_008_Subject_Positive" time="66.154" errors="0" timestamp="2024-01-12T00:55:59 IST" skipped="0">
  <testcase classname="com.EIDSA.testCases.Sanity.TC_008_Subject_Positive" name="subjectCreation" time="22.559"/>
  <testcase classname="com.EIDSA.testCases.Sanity.TC_008_Subject_Positive" name="schedule" time="18.000"/>
  <testcase classname="com.EIDSA.testCases.Sanity.TC_008_Subject_Positive" name="delete" time="25.595"/>
</testsuite> <!-- com.EIDSA.testCases.Sanity.TC_008_Subject_Positive -->
