<?xml version="1.0" encoding="UTF-8"?>
<!-- Generated by org.testng.reporters.JUnitReportReporter -->
<testsuite hostname="DESKTOP-2ODO8DJ" failures="0" tests="2" name="com.EIDSA.testCases.Sanity.TC_008_Subject_Positive" time="50.944" errors="0" timestamp="2024-01-11T20:30:49 IST" skipped="0">
  <testcase classname="com.EIDSA.testCases.Sanity.TC_008_Subject_Positive" name="subjectCreation" time="23.494"/>
  <testcase classname="com.EIDSA.testCases.Sanity.TC_008_Subject_Positive" name="schedule" time="27.450"/>
</testsuite> <!-- com.EIDSA.testCases.Sanity.TC_008_Subject_Positive -->
