<?xml version="1.0" encoding="UTF-8"?>
<!-- Generated by org.testng.reporters.JUnitReportReporter -->
<testsuite hostname="DESKTOP-2ODO8DJ" failures="0" tests="2" name="com.EIDSA.testCases.Sanity.TC_010_FillForm_Positive" time="45.428" errors="0" timestamp="2024-01-12T00:55:59 IST" skipped="0">
  <testcase classname="com.EIDSA.testCases.Sanity.TC_010_FillForm_Positive" name="SaveForm" time="23.777"/>
  <testcase classname="com.EIDSA.testCases.Sanity.TC_010_FillForm_Positive" name="ReviewandSubmitForm" time="21.651"/>
</testsuite> <!-- com.EIDSA.testCases.Sanity.TC_010_FillForm_Positive -->
