<?xml version="1.0" encoding="UTF-8"?>
<!-- Generated by org.testng.reporters.JUnitReportReporter -->
<testsuite hostname="DESKTOP-2ODO8DJ" failures="0" tests="1" name="com.EIDSA.testCases.Positive.TC_001_loginTest_Positive" time="24.298" errors="0" timestamp="2023-12-19T11:58:05 IST" skipped="0">
  <testcase classname="com.EIDSA.testCases.Positive.TC_001_loginTest_Positive" name="LoginTest" time="24.298"/>
</testsuite> <!-- com.EIDSA.testCases.Positive.TC_001_loginTest_Positive -->
