<?xml version="1.0" encoding="UTF-8"?>
<!-- Generated by org.testng.reporters.JUnitReportReporter -->
<testsuite hostname="DESKTOP-2ODO8DJ" failures="0" tests="1" name="com.EIDSA.testCases.Sanity.TC_006_rolePrivilege_Positive" time="33.132" errors="0" timestamp="2024-01-10T14:50:11 IST" skipped="0">
  <testcase classname="com.EIDSA.testCases.Sanity.TC_006_rolePrivilege_Positive" name="RolePrivilege" time="33.132"/>
</testsuite> <!-- com.EIDSA.testCases.Sanity.TC_006_rolePrivilege_Positive -->
