<?xml version="1.0" encoding="UTF-8"?>
<!-- Generated by org.testng.reporters.JUnitReportReporter -->
<testsuite hostname="DESKTOP-2ODO8DJ" failures="0" tests="3" name="com.EIDSA.testCases.Sanity.TC_005_Users_Positive" time="59.818" errors="0" timestamp="2024-01-12T00:55:59 IST" skipped="0">
  <testcase classname="com.EIDSA.testCases.Sanity.TC_005_Users_Positive" name="userCreation" time="32.454"/>
  <testcase classname="com.EIDSA.testCases.Sanity.TC_005_Users_Positive" name="userPrivilege" time="18.117"/>
  <testcase classname="com.EIDSA.testCases.Sanity.TC_005_Users_Positive" name="userDelete" time="9.247"/>
</testsuite> <!-- com.EIDSA.testCases.Sanity.TC_005_Users_Positive -->
