<?xml version="1.0" encoding="UTF-8"?>
<!-- Generated by org.testng.reporters.JUnitReportReporter -->
<testsuite hostname="DESKTOP-2ODO8DJ" failures="0" tests="1" name="com.EIDSA.testCases.Sanity.TC_011_SubmittedForm_Positive" time="18.693" errors="0" timestamp="2024-01-12T00:55:59 IST" skipped="0">
  <testcase classname="com.EIDSA.testCases.Sanity.TC_011_SubmittedForm_Positive" name="clickView" time="18.693"/>
</testsuite> <!-- com.EIDSA.testCases.Sanity.TC_011_SubmittedForm_Positive -->
