<?xml version="1.0" encoding="UTF-8"?>
<!-- Generated by org.testng.reporters.JUnitReportReporter -->
<testsuite hostname="DESKTOP-2ODO8DJ" failures="0" tests="1" name="com.EIDSA.testCases.Sanity.TC_009_Sub_VisitScheduleList_Positive" time="63.955" errors="0" timestamp="2024-01-11T20:30:49 IST" skipped="0">
  <testcase classname="com.EIDSA.testCases.Sanity.TC_009_Sub_VisitScheduleList_Positive" name="unsheduledVisitCreation" time="63.955"/>
</testsuite> <!-- com.EIDSA.testCases.Sanity.TC_009_Sub_VisitScheduleList_Positive -->
