<?xml version="1.0" encoding="UTF-8"?>
<!-- Generated by org.testng.reporters.JUnitReportReporter -->
<testsuite hostname="DESKTOP-2ODO8DJ" failures="0" tests="4" name="com.EIDSA.testCases.TC_023_Visit_Positive" time="59.043" errors="0" timestamp="2023-12-04T12:24:13 IST" skipped="0">
  <testcase classname="com.EIDSA.testCases.TC_023_Visit_Positive" name="VisitNumSearchFunctionality" time="17.443"/>
  <testcase classname="com.EIDSA.testCases.TC_023_Visit_Positive" name="VisitNameSearchFunctionality" time="10.659"/>
  <testcase classname="com.EIDSA.testCases.TC_023_Visit_Positive" name="AssignTemplate" time="17.290"/>
  <testcase classname="com.EIDSA.testCases.TC_023_Visit_Positive" name="translate" time="13.651"/>
</testsuite> <!-- com.EIDSA.testCases.TC_023_Visit_Positive -->
