<?xml version="1.0" encoding="UTF-8"?>
<!-- Generated by org.testng.reporters.JUnitReportReporter -->
<testsuite hostname="DESKTOP-2ODO8DJ" failures="0" tests="4" name="com.EIDSA.testCases.Positive.TC_003_Profiles_Positive" time="101.582" errors="0" timestamp="2023-12-19T16:45:48 IST" skipped="0">
  <testcase classname="com.EIDSA.testCases.Positive.TC_003_Profiles_Positive" name="myProfile" time="30.784"/>
  <testcase classname="com.EIDSA.testCases.Positive.TC_003_Profiles_Positive" name="changePassword" time="21.838"/>
  <testcase classname="com.EIDSA.testCases.Positive.TC_003_Profiles_Positive" name="digitalSignatureUpdation" time="18.347"/>
  <testcase classname="com.EIDSA.testCases.Positive.TC_003_Profiles_Positive" name="defaultSetup" time="30.613"/>
</testsuite> <!-- com.EIDSA.testCases.Positive.TC_003_Profiles_Positive -->
