<?xml version="1.0" encoding="UTF-8"?>
<!-- Generated by org.testng.reporters.JUnitReportReporter -->
<testsuite hostname="DESKTOP-2ODO8DJ" failures="0" tests="10" name="com.EIDSA.testCases.Sanity.TC_004_StudyProfile_Positive" time="246.685" errors="0" timestamp="2024-01-12T00:55:59 IST" skipped="0">
  <testcase classname="com.EIDSA.testCases.Sanity.TC_004_StudyProfile_Positive" name="createStudy" time="11.101"/>
  <testcase classname="com.EIDSA.testCases.Sanity.TC_004_StudyProfile_Positive" name="editStudy" time="8.683"/>
  <testcase classname="com.EIDSA.testCases.Sanity.TC_004_StudyProfile_Positive" name="createTemplate" time="104.219"/>
  <testcase classname="com.EIDSA.testCases.Sanity.TC_004_StudyProfile_Positive" name="createNewVersion" time="42.612"/>
  <testcase classname="com.EIDSA.testCases.Sanity.TC_004_StudyProfile_Positive" name="createVisit" time="17.700"/>
  <testcase classname="com.EIDSA.testCases.Sanity.TC_004_StudyProfile_Positive" name="assignTemplate" time="11.037"/>
  <testcase classname="com.EIDSA.testCases.Sanity.TC_004_StudyProfile_Positive" name="editVisit" time="11.199"/>
  <testcase classname="com.EIDSA.testCases.Sanity.TC_004_StudyProfile_Positive" name="createSite" time="8.624"/>
  <testcase classname="com.EIDSA.testCases.Sanity.TC_004_StudyProfile_Positive" name="createSubject" time="15.612"/>
  <testcase classname="com.EIDSA.testCases.Sanity.TC_004_StudyProfile_Positive" name="retireForm" time="15.898"/>
</testsuite> <!-- com.EIDSA.testCases.Sanity.TC_004_StudyProfile_Positive -->
