<?xml version="1.0" encoding="UTF-8"?>
<!-- Generated by org.testng.reporters.JUnitReportReporter -->
<testsuite hostname="DESKTOP-2ODO8DJ" failures="0" tests="1" name="com.EIDSA.testCases.Sanity.TC_014_PatientLogin_Positive" time="40.021" errors="0" timestamp="2024-01-11T16:42:21 IST" skipped="0">
  <testcase classname="com.EIDSA.testCases.Sanity.TC_014_PatientLogin_Positive" name="AddLogin" time="40.021"/>
</testsuite> <!-- com.EIDSA.testCases.Sanity.TC_014_PatientLogin_Positive -->
