<?xml version="1.0" encoding="UTF-8"?>
<!-- Generated by org.testng.reporters.JUnitReportReporter -->
<testsuite hostname="DESKTOP-2ODO8DJ" failures="0" tests="2" name="com.EIDSA.testCases.TC_024_Visit_Negative" time="56.557" errors="0" timestamp="2023-12-04T14:44:29 IST" skipped="0">
  <testcase classname="com.EIDSA.testCases.TC_024_Visit_Negative" name="assigningTemplate" time="36.749"/>
  <testcase classname="com.EIDSA.testCases.TC_024_Visit_Negative" name="translate" time="19.808"/>
</testsuite> <!-- com.EIDSA.testCases.TC_024_Visit_Negative -->
