<?xml version="1.0" encoding="UTF-8"?>
<!-- Generated by org.testng.reporters.JUnitReportReporter -->
<testsuite hostname="DESKTOP-2ODO8DJ" failures="0" tests="2" name="com.EIDSA.testCases.Sanity.TC_008_studyList_Positive" time="47.945" errors="0" timestamp="2024-01-10T16:14:42 IST" skipped="0">
  <testcase classname="com.EIDSA.testCases.Sanity.TC_008_studyList_Positive" name="Study_positive" time="38.862"/>
  <testcase classname="com.EIDSA.testCases.Sanity.TC_008_studyList_Positive" name="delete_Study" time="9.083"/>
</testsuite> <!-- com.EIDSA.testCases.Sanity.TC_008_studyList_Positive -->
