<?xml version="1.0" encoding="UTF-8"?>
<!-- Generated by org.testng.reporters.JUnitReportReporter -->
<testsuite hostname="DESKTOP-2ODO8DJ" failures="0" tests="3" name="com.EIDSA.testCases.Sanity.TC_009_StudyVisit_Positive" time="49.619" errors="0" timestamp="2024-01-10T17:02:10 IST" skipped="0">
  <testcase classname="com.EIDSA.testCases.Sanity.TC_009_StudyVisit_Positive" name="visitCreation" time="33.035"/>
  <testcase classname="com.EIDSA.testCases.Sanity.TC_009_StudyVisit_Positive" name="AssignTemplate" time="11.644"/>
  <testcase classname="com.EIDSA.testCases.Sanity.TC_009_StudyVisit_Positive" name="delete" time="4.940"/>
</testsuite> <!-- com.EIDSA.testCases.Sanity.TC_009_StudyVisit_Positive -->
