<?xml version="1.0" encoding="UTF-8"?>
<!-- Generated by org.testng.reporters.JUnitReportReporter -->
<testsuite hostname="DESKTOP-2ODO8DJ" failures="0" tests="2" name="com.EIDSA.testCases.Sanity.TC_007_Site_Positive" time="27.216" errors="0" timestamp="2024-01-12T00:55:59 IST" skipped="0">
  <testcase classname="com.EIDSA.testCases.Sanity.TC_007_Site_Positive" name="siteCreation" time="22.160"/>
  <testcase classname="com.EIDSA.testCases.Sanity.TC_007_Site_Positive" name="siteDelete" time="5.056"/>
</testsuite> <!-- com.EIDSA.testCases.Sanity.TC_007_Site_Positive -->
