<?xml version="1.0" encoding="UTF-8"?>
<!-- Generated by org.testng.reporters.JUnitReportReporter -->
<testsuite hostname="DESKTOP-2ODO8DJ" failures="0" tests="2" name="com.EIDSA.testCases.Sanity.TC_005_Roles_Positive" time="36.019" errors="0" timestamp="2024-01-10T14:26:48 IST" skipped="0">
  <testcase classname="com.EIDSA.testCases.Sanity.TC_005_Roles_Positive" name="roleCreation" time="23.964"/>
  <testcase classname="com.EIDSA.testCases.Sanity.TC_005_Roles_Positive" name="roleDelete" time="12.055"/>
</testsuite> <!-- com.EIDSA.testCases.Sanity.TC_005_Roles_Positive -->
