<?xml version="1.0" encoding="UTF-8"?>
<!-- Generated by org.testng.reporters.JUnitReportReporter -->
<testsuite hostname="DESKTOP-2ODO8DJ" failures="0" tests="1" name="com.EIDSA.testCases.TC_030_StudyTemplate_Positive" time="29.201" errors="0" timestamp="2023-12-05T09:38:02 IST" skipped="0">
  <testcase classname="com.EIDSA.testCases.TC_030_StudyTemplate_Positive" name="StudyTemplate" time="29.201"/>
</testsuite> <!-- com.EIDSA.testCases.TC_030_StudyTemplate_Positive -->
