<?xml version="1.0" encoding="UTF-8"?>
<!-- Generated by org.testng.reporters.JUnitReportReporter -->
<testsuite hostname="DESKTOP-2ODO8DJ" failures="0" tests="2" name="com.EIDSA.testCases.Sanity.TC_013_Sub_VisitScheduleList_Positive" time="83.542" errors="0" timestamp="2024-01-11T16:31:08 IST" skipped="0">
  <testcase classname="com.EIDSA.testCases.Sanity.TC_013_Sub_VisitScheduleList_Positive" name="unsheduledVisitCreation" time="69.767"/>
  <testcase classname="com.EIDSA.testCases.Sanity.TC_013_Sub_VisitScheduleList_Positive" name="withdraw" time="13.775"/>
</testsuite> <!-- com.EIDSA.testCases.Sanity.TC_013_Sub_VisitScheduleList_Positive -->
