<?xml version="1.0" encoding="UTF-8"?>
<!-- Generated by org.testng.reporters.JUnitReportReporter -->
<testsuite hostname="DESKTOP-2ODO8DJ" failures="0" tests="1" name="com.EIDSA.testCases.Sanity.TC_012_Subject_Positive" time="30.026" errors="0" timestamp="2024-01-11T16:15:46 IST" skipped="0">
  <testcase classname="com.EIDSA.testCases.Sanity.TC_012_Subject_Positive" name="completePatient" time="30.026"/>
</testsuite> <!-- com.EIDSA.testCases.Sanity.TC_012_Subject_Positive -->
