<?xml version="1.0" encoding="UTF-8"?>
<!-- Generated by org.testng.reporters.JUnitReportReporter -->
<testsuite hostname="DESKTOP-2ODO8DJ" failures="0" tests="2" name="com.EIDSA.testCases.Sanity.TC_007_site_Positive" time="39.105" errors="0" timestamp="2024-01-11T20:30:49 IST" skipped="0">
  <testcase classname="com.EIDSA.testCases.Sanity.TC_007_site_Positive" name="siteCreation" time="33.972"/>
  <testcase classname="com.EIDSA.testCases.Sanity.TC_007_site_Positive" name="siteDelete" time="5.133"/>
</testsuite> <!-- com.EIDSA.testCases.Sanity.TC_007_site_Positive -->
