<?xml version="1.0" encoding="UTF-8"?>
<!-- Generated by org.testng.reporters.JUnitReportReporter -->
<testsuite hostname="DESKTOP-2ODO8DJ" failures="0" tests="2" name="com.EIDSA.testCases.Sanity.TC_003_forgotPasswordOrUsername_Positive" time="45.682" errors="0" timestamp="2024-01-10T13:04:17 IST" skipped="0">
  <testcase classname="com.EIDSA.testCases.Sanity.TC_003_forgotPasswordOrUsername_Positive" name="forgotPassword" time="19.076"/>
  <testcase classname="com.EIDSA.testCases.Sanity.TC_003_forgotPasswordOrUsername_Positive" name="forgotUsername" time="26.606"/>
</testsuite> <!-- com.EIDSA.testCases.Sanity.TC_003_forgotPasswordOrUsername_Positive -->
