<?xml version="1.0" encoding="UTF-8"?>
<!-- Generated by org.testng.reporters.JUnitReportReporter -->
<testsuite hostname="DESKTOP-2ODO8DJ" failures="0" tests="2" name="com.EIDSA.testCases.Positive.TC_002_forgotPasswordOrUsername_Positive" time="38.702" errors="0" timestamp="2023-12-19T11:58:05 IST" skipped="0">
  <testcase classname="com.EIDSA.testCases.Positive.TC_002_forgotPasswordOrUsername_Positive" name="forgotPassword" time="17.582"/>
  <testcase classname="com.EIDSA.testCases.Positive.TC_002_forgotPasswordOrUsername_Positive" name="forgotUsername" time="21.120"/>
</testsuite> <!-- com.EIDSA.testCases.Positive.TC_002_forgotPasswordOrUsername_Positive -->
